<?xml version="1.0" encoding="UTF-8"?>
<!-- Generated by org.testng.reporters.JUnitReportReporter -->
<testsuite skipped="0" hostname="acer-PC" name="testpackage.DataProviderClass" tests="3" failures="0" timestamp="08 Aug 2019 10:28:37 GMT" time="0.015" errors="0">
  <testcase name="DemoT" time="0.015" classname="testpackage.DataProviderClass"/>
  <testcase name="DemoT" time="0.000" classname="testpackage.DataProviderClass"/>
  <testcase name="DemoT" time="0.000" classname="testpackage.DataProviderClass"/>
</testsuite> <!-- testpackage.DataProviderClass -->
