<?xml version="1.0" encoding="UTF-8"?>
<!-- Generated by org.testng.reporters.JUnitReportReporter -->
<testsuite skipped="0" hostname="acer-PC" name="testpackage.TestNG" tests="5" failures="0" timestamp="07 Aug 2019 07:48:21 GMT" time="0.032" errors="0">
  <testcase name="Demo" time="0.016" classname="testpackage.TestNG"/>
  <testcase name="Demo" time="0.000" classname="testpackage.TestNG"/>
  <testcase name="Demo" time="0.000" classname="testpackage.TestNG"/>
  <testcase name="Demo" time="0.016" classname="testpackage.TestNG"/>
  <testcase name="Demo" time="0.000" classname="testpackage.TestNG"/>
</testsuite> <!-- testpackage.TestNG -->
