<?xml version="1.0" encoding="UTF-8"?>
<!-- Generated by org.testng.reporters.JUnitReportReporter -->
<testsuite skipped="0" hostname="acer-PC" name="test.S4" tests="1" failures="0" timestamp="14 Aug 2019 14:57:11 GMT" time="87.237" errors="0">
  <testcase name="M4" time="87.237" classname="test.S4"/>
</testsuite> <!-- test.S4 -->
