<?xml version="1.0" encoding="UTF-8"?>
<!-- Generated by org.testng.reporters.JUnitReportReporter -->
<testsuite skipped="0" hostname="acer-PC" name="testpackage.DataProviderDemo" tests="3" failures="0" timestamp="07 Aug 2019 11:18:56 GMT" time="0.016" errors="0">
  <testcase name="DemoT" time="0.000" classname="testpackage.DataProviderDemo"/>
  <testcase name="DemoT" time="0.016" classname="testpackage.DataProviderDemo"/>
  <testcase name="DemoT" time="0.000" classname="testpackage.DataProviderDemo"/>
</testsuite> <!-- testpackage.DataProviderDemo -->
