<?xml version="1.0" encoding="UTF-8"?>
<!-- Generated by org.testng.reporters.JUnitReportReporter -->
<testsuite skipped="0" hostname="acer-PC" name="test.S5" tests="1" failures="0" timestamp="14 Aug 2019 15:01:11 GMT" time="109.674" errors="0">
  <testcase name="M5" time="109.674" classname="test.S5"/>
</testsuite> <!-- test.S5 -->
